<?xml version="1.0" encoding="UTF-8"?>
<testsuite name="SMU.AppTest" tests="1" skipped="0" failures="0" errors="0" timestamp="2018-03-18T15:48:20" hostname="Jaehyun-PC" time="0.001">
  <properties/>
  <testcase name="testApp" classname="SMU.AppTest" time="0.001"/>
  <system-out><![CDATA[]]></system-out>
  <system-err><![CDATA[]]></system-err>
</testsuite>
